<?xml version="1.0" encoding="UTF-8"?>
<!-- Generated by org.testng.reporters.JUnitXMLReporter -->
<testsuite ignored="1" hostname="Yeshwanth-Kuruvilla" failures="0" tests="2" name="POReceiptCreationTest" time="154.54" errors="0" timestamp="2025-06-04T12:32:47 IST">
  <testcase classname="ReceiptCreationFromPO.POReceipt" name="purchaseOrderCreation" time="123.477"/>
  <testcase classname="ReceiptCreationFromPO.POReceipt" name="POReceiptCreation1" time="30.513"/>
  <testcase classname="ReceiptCreationFromPO.POReceipt" name="POReceiptCreation2" time="0.0">
    <ignored/>
  </testcase> <!-- POReceiptCreation2 -->
</testsuite> <!-- POReceiptCreationTest -->
