<?xml version="1.0" encoding="UTF-8"?>
<!-- Generated by org.testng.reporters.JUnitXMLReporter -->
<testsuite ignored="9" hostname="Yeshwanth-Kuruvilla" failures="1" tests="4" name="RDV Invoice With NoDeduction Test" time="0.636" errors="0" timestamp="2025-06-11T17:26:39 IST">
  <testcase classname="TestComponents.BaseClass" name="@AfterMethod logout" time="0.008">
    <failure type="java.lang.NullPointerException" message="Cannot invoke &amp;quot;org.openqa.selenium.support.ui.WebDriverWait.until(java.util.function.Function)&amp;quot; because &amp;quot;CommonUtilities.ReusableUtilities.wait&amp;quot; is null">
      <![CDATA[java.lang.NullPointerException: Cannot invoke "org.openqa.selenium.support.ui.WebDriverWait.until(java.util.function.Function)" because "CommonUtilities.ReusableUtilities.wait" is null
at CommonUtilities.ReusableUtilities.logout(ReusableUtilities.java:53)
at TestComponents.BaseClass.logout(BaseClass.java:107)
at java.base/java.util.ArrayList.forEach(ArrayList.java:1597)
... Removed 30 stack frames]]>
    </failure>
  </testcase> <!-- @AfterMethod logout -->
  <testcase classname="TestComponents.BaseClass" name="@AfterMethod logout" time="0.001">
    <failure type="java.lang.NullPointerException" message="Cannot invoke &amp;quot;org.openqa.selenium.support.ui.WebDriverWait.until(java.util.function.Function)&amp;quot; because &amp;quot;CommonUtilities.ReusableUtilities.wait&amp;quot; is null">
      <![CDATA[java.lang.NullPointerException: Cannot invoke "org.openqa.selenium.support.ui.WebDriverWait.until(java.util.function.Function)" because "CommonUtilities.ReusableUtilities.wait" is null
at CommonUtilities.ReusableUtilities.logout(ReusableUtilities.java:53)
at TestComponents.BaseClass.logout(BaseClass.java:107)
at java.base/java.util.ArrayList.forEach(ArrayList.java:1597)
... Removed 30 stack frames]]>
    </failure>
  </testcase> <!-- @AfterMethod logout -->
  <testcase classname="RDVCreation.RDVCreation" name="purchaseOrderCreation" time="0.233">
    <skipped/>
  </testcase> <!-- purchaseOrderCreation -->
  <testcase classname="RDVCreation.RDVCreation" name="purchaseOrderCreation" time="0.169">
    <failure type="java.lang.NullPointerException" message="Cannot invoke &amp;quot;org.openqa.selenium.WebDriver.findElement(org.openqa.selenium.By)&amp;quot; because &amp;quot;CommonUtilities.ReusableUtilities.driver&amp;quot; is null">
      <![CDATA[java.lang.NullPointerException: Cannot invoke "org.openqa.selenium.WebDriver.findElement(org.openqa.selenium.By)" because "CommonUtilities.ReusableUtilities.driver" is null
at CommonUtilities.ReusableUtilities.login(ReusableUtilities.java:46)
at RDVCreation.RDVCreation.purchaseOrderCreation(RDVCreation.java:44)
at java.base/java.util.ArrayList.forEach(ArrayList.java:1597)
... Removed 25 stack frames]]>
    </failure>
  </testcase> <!-- purchaseOrderCreation -->
  <testcase classname="RDVCreation.RDVCreation" name="POReceiptCreationForRDVNoDeduction" time="0.0">
    <skipped/>
  </testcase> <!-- POReceiptCreationForRDVNoDeduction -->
  <testcase classname="RDVCreation.RDVCreation" name="createRDVWithNoDeduction" time="0.0">
    <skipped/>
  </testcase> <!-- createRDVWithNoDeduction -->
  <testcase classname="RDVCreation.RDVCreation" name="createRDVWithDeductionPenalty" time="0.0">
    <ignored/>
  </testcase> <!-- createRDVWithDeductionPenalty -->
  <testcase classname="RDVCreation.RDVCreation" name="POReceiptCreationForRDVWithAllDeductions" time="0.0">
    <ignored/>
  </testcase> <!-- POReceiptCreationForRDVWithAllDeductions -->
  <testcase classname="RDVCreation.RDVCreation" name="POReceiptCreationForRDVDeductionExternalPenalty" time="0.0">
    <ignored/>
  </testcase> <!-- POReceiptCreationForRDVDeductionExternalPenalty -->
  <testcase classname="RDVCreation.RDVCreation" name="POReceiptCreationForRDVDeductionHold" time="0.0">
    <ignored/>
  </testcase> <!-- POReceiptCreationForRDVDeductionHold -->
  <testcase classname="RDVCreation.RDVCreation" name="POReceiptCreationForRDVDeductionPenalty" time="0.0">
    <ignored/>
  </testcase> <!-- POReceiptCreationForRDVDeductionPenalty -->
  <testcase classname="RDVCreation.RDVCreation" name="createRDVWithDeductionExternalPenalty" time="0.0">
    <ignored/>
  </testcase> <!-- createRDVWithDeductionExternalPenalty -->
  <testcase classname="RDVCreation.RDVCreation" name="createRDVWithAllDeductions" time="0.0">
    <ignored/>
  </testcase> <!-- createRDVWithAllDeductions -->
  <testcase classname="RDVInvoice.RDVInvoiceWithNoDeduction" name="InvoiceWithNoDeduction" time="0.0">
    <ignored/>
  </testcase> <!-- InvoiceWithNoDeduction -->
  <testcase classname="RDVCreation.RDVCreation" name="createRDVWithDeductionHold" time="0.0">
    <ignored/>
  </testcase> <!-- createRDVWithDeductionHold -->
</testsuite> <!-- RDV Invoice With NoDeduction Test -->
