<?xml version="1.0" encoding="UTF-8"?>
<!-- Generated by org.testng.reporters.JUnitXMLReporter -->
<testsuite ignored="10" hostname="Yeshwanth-Kuruvilla" failures="0" tests="5" name="RDV Invoice With No Deduction Test" time="464.332" errors="0" timestamp="2025-06-18T13:07:20 IST">
  <testcase classname="RDVCreation.RDVCreation" name="purchaseOrderCreation" time="107.784">
    <skipped/>
  </testcase> <!-- purchaseOrderCreation -->
  <testcase classname="RDVCreation.RDVCreation" name="purchaseOrderCreation" time="115.237"/>
  <testcase classname="RDVCreation.RDVCreation" name="POReceiptCreationForRDVNoDeduction" time="28.762"/>
  <testcase classname="RDVCreation.RDVCreation" name="createRDVWithNoDeduction" time="70.322"/>
  <testcase classname="RDVInvoice.RDVInvoiceWithNoDeduction" name="InvoiceWithNoDeduction" time="141.193"/>
  <testcase classname="TestComponents.BaseClass" name="@BeforeSuite setUpDriver" time="0.0">
    <ignored/>
  </testcase> <!-- @BeforeSuite setUpDriver -->
  <testcase classname="RDVCreation.RDVCreation" name="createRDVWithDeductionHold" time="0.0">
    <ignored/>
  </testcase> <!-- createRDVWithDeductionHold -->
  <testcase classname="RDVCreation.RDVCreation" name="POReceiptCreationForRDVDeductionHold" time="0.0">
    <ignored/>
  </testcase> <!-- POReceiptCreationForRDVDeductionHold -->
  <testcase classname="RDVCreation.RDVCreation" name="createRDVWithAllDeductions" time="0.0">
    <ignored/>
  </testcase> <!-- createRDVWithAllDeductions -->
  <testcase classname="RDVCreation.RDVCreation" name="POReceiptCreationForRDVDeductionPenalty" time="0.0">
    <ignored/>
  </testcase> <!-- POReceiptCreationForRDVDeductionPenalty -->
  <testcase classname="RDVCreation.RDVCreation" name="createRDVWithDeductionExternalPenalty" time="0.0">
    <ignored/>
  </testcase> <!-- createRDVWithDeductionExternalPenalty -->
  <testcase classname="RDVCreation.RDVCreation" name="POReceiptCreationForRDVDeductionExternalPenalty" time="0.0">
    <ignored/>
  </testcase> <!-- POReceiptCreationForRDVDeductionExternalPenalty -->
  <testcase classname="RDVCreation.RDVCreation" name="createRDVWithDeductionPenalty" time="0.0">
    <ignored/>
  </testcase> <!-- createRDVWithDeductionPenalty -->
  <testcase classname="RDVCreation.RDVCreation" name="POReceiptCreationForRDVWithAllDeductions" time="0.0">
    <ignored/>
  </testcase> <!-- POReceiptCreationForRDVWithAllDeductions -->
  <testcase classname="TestComponents.BaseClass" name="@AfterSuite quitBrowser" time="0.0">
    <ignored/>
  </testcase> <!-- @AfterSuite quitBrowser -->
</testsuite> <!-- RDV Invoice With No Deduction Test -->
