<?xml version="1.0" encoding="UTF-8"?>
<testng-results ignored="0" total="1" passed="1" failed="0" skipped="0">
  <reporter-output>
  </reporter-output>
  <suite started-at="2025-05-14T16:00:17 IST" name="PurchaseOrderTest" finished-at="2025-05-14T16:01:44 IST" duration-ms="86965">
    <groups>
    </groups>
    <test started-at="2025-05-14T16:00:17 IST" name="DirectPO" finished-at="2025-05-14T16:01:44 IST" duration-ms="86965">
      <class name="PurchaseOrderCreation.PurchaseOrder">
        <test-method signature="purchaseOrderCreation(java.util.HashMap)[pri:0, instance:PurchaseOrderCreation.PurchaseOrder@15dcfae7]" started-at="2025-05-14T16:00:18 IST" name="purchaseOrderCreation" data-provider="poData" finished-at="2025-05-14T16:01:44 IST" duration-ms="86771" status="PASS">
          <params>
            <param index="0">
              <value>
                <![CDATA[{supplierName=مكتب عبدالرحمن عبدالله النور لإستشارات هندسة, unitPrice=1000, quantity=5, awardNumber=89989898, accountNumber=400200300, MultiroleId=860E5C820A6E4CFF8AD41C1639D8A59C, attachmentFilePath=C:\Users\QUALIAN\OneDrive - Qualian Technologies Pvt Ltd\Documents\yesh.txt, poWindowName=Purchase Order and Contracts summary, referenceNum=7904957584, SingleroleId=D276B8C8F5984648A4A144CA7D07A3C2, contractCategoryName=صيانة طرق روتينية -مبلغ, password=12, productCode=01010001, cityName=الباحة, Multiusername=4370141, projectDescription=Automation Testing of PO, Singleusername=Openbravo, processType=Direct Purchasing}]]>
              </value>
            </param>
          </params>
          <reporter-output>
          </reporter-output>
        </test-method> <!-- purchaseOrderCreation -->
      </class> <!-- PurchaseOrderCreation.PurchaseOrder -->
    </test> <!-- DirectPO -->
  </suite> <!-- PurchaseOrderTest -->
</testng-results>
