<?xml version="1.0" encoding="UTF-8"?>
<!-- Generated by org.testng.reporters.JUnitXMLReporter -->
<testsuite ignored="1" hostname="Yeshwanth-Kuruvilla" failures="0" tests="5" name="RDV Creation Test" time="270.072" errors="0" timestamp="2025-06-04T12:48:40 IST">
  <testcase classname="ReceiptCreationFromPO.POReceipt" name="purchaseOrderCreation" time="114.3"/>
  <testcase classname="ReceiptCreationFromPO.POReceipt" name="POReceiptCreation1" time="30.154"/>
  <testcase classname="RDVCreation.RDVCreation" name="createRDVWithNoDeduction" time="50.765"/>
  <testcase classname="ReceiptCreationFromPO.POReceipt" name="POReceiptCreation2" time="30.036"/>
  <testcase classname="RDVCreation.RDVCreation" name="createRDVWithDeductionHold" time="44.205"/>
  <testcase classname="TestComponents.BaseClass" name="@BeforeSuite setUpDriver" time="0.0">
    <ignored/>
  </testcase> <!-- @BeforeSuite setUpDriver -->
</testsuite> <!-- RDV Creation Test -->
